[debug] [2018-09-30T19:07:47.473Z] ----------------------------------------------------------------------
[debug] [2018-09-30T19:07:47.473Z] Command:       C:\Program Files\nodejs\node.exe C:\Users\prateek.vaibhav\AppData\Roaming\npm\node_modules\firebase-tools\bin\firebase deploy
[debug] [2018-09-30T19:07:47.473Z] CLI Version:   4.2.1
[debug] [2018-09-30T19:07:47.473Z] Platform:      win32
[debug] [2018-09-30T19:07:47.473Z] Node Version:  v8.11.4
[debug] [2018-09-30T19:07:47.491Z] Time:          Mon Oct 01 2018 00:37:47 GMT+0530 (India Standard Time)
[debug] [2018-09-30T19:07:47.491Z] ----------------------------------------------------------------------
[debug] 
[debug] [2018-09-30T19:07:47.528Z] > command requires scopes: ["email","openid","https://www.googleapis.com/auth/cloudplatformprojects.readonly","https://www.googleapis.com/auth/firebase","https://www.googleapis.com/auth/cloud-platform"]
[debug] [2018-09-30T19:07:47.528Z] > authorizing via signed-in user
[debug] [2018-09-30T19:07:47.528Z] >>> HTTP REQUEST GET https://admin.firebase.com/v1/projects/laconically-1b118  
 
[debug] [2018-09-30T19:07:49.235Z] <<< HTTP RESPONSE 200
[info] 
[info] === Deploying to 'laconically-1b118'...
[info] 
[info] i  deploying functions
[info] Running command: npm --prefix "functions" run lint
[info] +  functions: Finished running predeploy script.
[debug] [2018-09-30T19:08:11.344Z] > [functions] package.json contents: {
  "name": "functions",
  "description": "Cloud Functions for Firebase",
  "scripts": {
    "lint": "eslint .",
    "serve": "firebase serve --only functions",
    "shell": "firebase functions:shell",
    "start": "npm run shell",
    "deploy": "firebase deploy --only functions",
    "logs": "firebase functions:log"
  },
  "dependencies": {
    "firebase-admin": "^6.0.0",
    "firebase-functions": "^2.0.3",
    "properties-reader": "0.0.16",
    "unirest": "^0.5.1"
  },
  "devDependencies": {
    "eslint": "^4.12.0",
    "eslint-plugin-promise": "^3.6.0"
  },
  "private": true
}
[info] i  functions: ensuring necessary APIs are enabled...
[debug] [2018-09-30T19:08:11.346Z] >>> HTTP REQUEST GET https://servicemanagement.googleapis.com/v1/services/cloudfunctions.googleapis.com/projectSettings/laconically-1b118?view=CONSUMER_VIEW  
 
[debug] [2018-09-30T19:08:11.346Z] >>> HTTP REQUEST GET https://servicemanagement.googleapis.com/v1/services/runtimeconfig.googleapis.com/projectSettings/laconically-1b118?view=CONSUMER_VIEW  
 
[debug] [2018-09-30T19:08:13.607Z] <<< HTTP RESPONSE 200
[debug] [2018-09-30T19:08:14.544Z] <<< HTTP RESPONSE 200
[info] +  functions: all necessary APIs are enabled
[debug] [2018-09-30T19:08:14.559Z] >>> HTTP REQUEST GET https://cloudresourcemanager.googleapis.com/v1/projects/laconically-1b118  
 
[debug] [2018-09-30T19:08:16.106Z] <<< HTTP RESPONSE 200
[debug] [2018-09-30T19:08:16.106Z] >>> HTTP REQUEST GET https://mobilesdk-pa.googleapis.com/v1/projects/1008377161592:getServerAppConfig  
 
[debug] [2018-09-30T19:08:16.575Z] <<< HTTP RESPONSE 200
[info] i  functions: preparing functions directory for uploading...
[debug] [2018-09-30T19:08:16.575Z] >>> HTTP REQUEST GET https://runtimeconfig.googleapis.com/v1beta1/projects/laconically-1b118/configs  
 
[debug] [2018-09-30T19:08:17.139Z] <<< HTTP RESPONSE 200
[info] i  functions: packaged functions (60.38 KB) for uploading
[debug] [2018-09-30T19:08:21.123Z] >>> HTTP REQUEST POST https://cloudfunctions.googleapis.com/v1/projects/laconically-1b118/locations/us-central1/functions:generateUploadUrl  
 
[debug] [2018-09-30T19:08:22.282Z] <<< HTTP RESPONSE 200
[debug] [2018-09-30T19:08:22.282Z] >>> HTTP REQUEST PUT https://storage.googleapis.com/gcf-upload-us-central1-a5fb2b39-cbec-4f42-87f6-4f242a574b62/cc52c32d-aa19-436b-b727-3fda69d2c1a7.zip?GoogleAccessId=service-1008377161592@gcf-admin-robot.iam.gserviceaccount.com&Expires=1538336303&Signature=PlL%2Bvb2qS8dtl2RPz%2BXL5rZPBFfmWkWdh31CQPPpJEVsFmej%2F4a4ILYsK5JhO7JfQ7L%2BVk9aAeSsxPuGc%2B8LzWdSIKdR7AOLZ2%2BOkoE80iWjnbDpOdyQ7qPkX26o4Twpocq1sn27nwKPD3x5%2BEYc00DnGGz6UyL2cxZlcratCgVpgSj09mq6Rs1vOS2572p%2FAN13nvtKdmDqL8qvJ9BOGGIsHuJBzsxQa1NpqxXoNN%2BkfcphVkfroikZbzAe8hEqByXnXMQ8%2F3x0Ve75em%2FOjIvismCUEiIvNENv9Sfgxb63sdZhV19S7qJO9OrZyrScTmVAB1ziklRtfD3d7z2U8Q%3D%3D  

[debug] [2018-09-30T19:08:23.434Z] <<< HTTP RESPONSE 200
[info] +  functions: functions folder uploaded successfully
[debug] [2018-09-30T19:08:23.442Z] >>> HTTP REQUEST GET https://cloudfunctions.googleapis.com/v1/projects/laconically-1b118/locations/-/functions  
 
[debug] [2018-09-30T19:08:24.245Z] <<< HTTP RESPONSE 200
[info] i  functions: creating Node.js 6 function daily_job(us-central1)...
[debug] [2018-09-30T19:08:24.251Z] Trigger is:  {"eventTrigger":{"resource":"projects/laconically-1b118/topics/daily-tick","eventType":"google.pubsub.topic.publish","service":"pubsub.googleapis.com"}}
[info] i  functions: updating Node.js 6 function addGMATData(us-central1)...
[debug] [2018-09-30T19:08:24.251Z] Trigger is:  {"httpsTrigger":{}}
[info] 
The following functions are found in your project but do not exist in your local source code:
	hourly_job(us-central1)

If you are renaming a function or changing its region, it is recommended that you create the new function first before deleting the old one to prevent event loss. For more info, visit https://firebase.google.com/docs/functions/manage-functions#modify

